\BOOKMARK [0][-]{section*.1}{\376\377\144\130\000\040\000\040\000\040\000\040\000\040\211\201}{}% 1
\BOOKMARK [0][-]{section*.3}{\376\377\000A\000b\000s\000t\000r\000a\000c\000t\000\040}{}% 2
\BOOKMARK [0][-]{section*.6}{\376\377\143\322\126\376\166\356\137\125}{}% 3
\BOOKMARK [0][-]{section*.8}{\376\377\210\150\150\074\166\356\137\125}{}% 4
\BOOKMARK [0][-]{section*.10}{\376\377\173\227\154\325\166\356\137\125}{}% 5
\BOOKMARK [0][-]{section*.12}{\376\377\147\057\213\355\116\016\173\046\123\367\122\027\210\150}{}% 6
\BOOKMARK [0][-]{chapter.1}{\376\377\176\352\213\272}{}% 7
\BOOKMARK [1][-]{section.1.1}{\376\377\170\024\172\166\200\314\146\157\123\312\141\017\116\111}{chapter.1}% 8
\BOOKMARK [2][-]{subsection.1.1.1}{\376\377\137\256\127\213\145\340\116\272\147\072}{section.1.1}% 9
\BOOKMARK [2][-]{subsection.1.1.2}{\376\377\000A\000p\000p\000l\000e\000\040\000M\000a\000c\000O\000S\041\042}{section.1.1}% 10
\BOOKMARK [2][-]{subsection.1.1.3}{\376\377\000U\000b\000u\000n\000t\000u\000\040\000L\000i\000n\000u\000x}{section.1.1}% 11
\BOOKMARK [1][-]{section.1.2}{\376\377\152\041\147\177\166\204\116\013\217\175\116\016\133\211\210\305}{chapter.1}% 12
\BOOKMARK [1][-]{section.1.3}{\376\377\213\272\145\207\166\204\177\026\213\321}{chapter.1}% 13
\BOOKMARK [0][-]{chapter.2}{\376\377\213\272\145\207\166\204\122\035\131\313\123\026}{}% 14
\BOOKMARK [1][-]{section.2.1}{\376\377\121\103\145\160\143\156}{chapter.2}% 15
\BOOKMARK [2][-]{subsection.2.1.1}{\376\377\122\006\174\173\123\367}{section.2.1}% 16
\BOOKMARK [2][-]{subsection.2.1.2}{\376\377\000U\000D\000C}{section.2.1}% 17
\BOOKMARK [2][-]{subsection.2.1.3}{\376\377\117\335\133\306\176\247\122\053}{section.2.1}% 18
\BOOKMARK [2][-]{subsection.2.1.4}{\376\377\133\146\123\367}{section.2.1}% 19
\BOOKMARK [1][-]{section.2.2}{\376\377\213\272\145\207\150\007\230\230\116\016\116\146\201\012}{chapter.2}% 20
\BOOKMARK [2][-]{subsection.2.2.1}{\376\377\116\055\202\361\145\207\150\007\230\230}{section.2.2}% 21
\BOOKMARK [2][-]{subsection.2.2.2}{\376\377\213\272\145\207\116\146\201\012}{section.2.2}% 22
\BOOKMARK [1][-]{section.2.3}{\376\377\117\134\200\005\116\016\133\374\136\010}{chapter.2}% 23
\BOOKMARK [1][-]{section.2.4}{\376\377\173\124\217\251\117\341\140\157}{chapter.2}% 24
\BOOKMARK [1][-]{section.2.5}{\376\377\152\041\147\177\123\302\145\160}{chapter.2}% 25
\BOOKMARK [2][-]{subsection.2.5.1}{\376\377\224\376\143\245\167\100\202\162}{section.2.5}% 26
\BOOKMARK [2][-]{subsection.2.5.2}{\376\377\126\376\210\150\060\001\173\227\154\325\123\312\147\057\213\355\166\356\137\125}{section.2.5}% 27
\BOOKMARK [2][-]{subsection.2.5.3}{\376\377\170\125\130\353\174\173\127\213}{section.2.5}% 28
\BOOKMARK [0][-]{chapter.3}{\376\377\144\260\121\231\153\143\145\207}{}% 29
\BOOKMARK [1][-]{section.3.1}{\376\377\170\024\172\166\165\037\133\146\117\115\213\272\145\207\166\204\116\000\202\054\150\074\137\017\116\016\230\172\136\217}{chapter.3}% 30
\BOOKMARK [1][-]{section.3.2}{\376\377\162\354\122\033\140\047\116\016\143\210\147\103\130\360\146\016}{chapter.3}% 31
\BOOKMARK [1][-]{section.3.3}{\376\377\116\055\202\361\145\207\144\130\211\201}{chapter.3}% 32
\BOOKMARK [1][-]{section.3.4}{\376\377\213\272\145\207\172\340\202\202\123\312\126\376\210\150\166\356\137\125}{chapter.3}% 33
\BOOKMARK [1][-]{section.3.5}{\376\377\153\143\145\207}{chapter.3}% 34
\BOOKMARK [1][-]{section.3.6}{\376\377\201\364\214\042}{chapter.3}% 35
\BOOKMARK [1][-]{section.3.7}{\376\377\123\302\200\003\145\207\163\056}{chapter.3}% 36
\BOOKMARK [1][-]{section.3.8}{\376\377\226\104\137\125}{chapter.3}% 37
\BOOKMARK [1][-]{section.3.9}{\376\377\117\134\200\005\173\200\116\313}{chapter.3}% 38
\BOOKMARK [0][-]{chapter.4}{\376\377\162\171\153\212\163\257\130\203\116\016\155\156\122\250\117\123}{}% 39
\BOOKMARK [1][-]{section.4.1}{\376\377\126\376\162\107}{chapter.4}% 40
\BOOKMARK [2][-]{subsection.4.1.1}{\376\377\143\322\121\145\126\376\162\107}{section.4.1}% 41
\BOOKMARK [2][-]{subsection.4.1.2}{\376\377\155\156\122\250\117\123\163\257\130\203\116\016\117\115\177\156\150\007\213\306\173\046}{section.4.1}% 42
\BOOKMARK [2][-]{subsection.4.1.3}{\376\377\126\376\162\107\166\204\131\047\134\017\116\016\215\357\137\204}{section.4.1}% 43
\BOOKMARK [2][-]{subsection.4.1.4}{\376\377\126\376\162\107\166\204\150\007\230\230\116\016\150\007\173\176}{section.4.1}% 44
\BOOKMARK [2][-]{subsection.4.1.5}{\376\377\126\376\162\107\166\204\136\166\143\222}{section.4.1}% 45
\BOOKMARK [2][-]{subsection.4.1.6}{\376\377\133\120\126\376}{section.4.1}% 46
\BOOKMARK [1][-]{section.4.2}{\376\377\210\150\150\074}{chapter.4}% 47
\BOOKMARK [2][-]{subsection.4.2.1}{\376\377\143\322\121\145\210\150\150\074}{section.4.2}% 48
\BOOKMARK [1][-]{section.4.3}{\376\377\173\227\154\325}{chapter.4}% 49
\BOOKMARK [1][-]{section.4.4}{\376\377\121\154\137\017\163\257\130\203}{chapter.4}% 50
\BOOKMARK [1][-]{section.4.5}{\376\377\137\025\165\050\155\156\122\250\117\123}{chapter.4}% 51
\BOOKMARK [1][-]{section.4.6}{\376\377\116\343\170\001\163\257\130\203}{chapter.4}% 52
\BOOKMARK [1][-]{section.4.7}{\376\377\147\057\213\355\116\016\173\046\123\367}{chapter.4}% 53
\BOOKMARK [0][-]{chapter.5}{\376\377\123\302\200\003\145\207\163\056}{}% 54
\BOOKMARK [1][-]{section.5.1}{\376\377\133\374\121\145\123\302\200\003\145\207\163\056}{chapter.5}% 55
\BOOKMARK [1][-]{section.5.2}{\376\377\137\025\165\050\123\302\200\003\145\207\163\056}{chapter.5}% 56
\BOOKMARK [1][-]{section.5.3}{\376\377\123\302\200\003\145\207\163\056\150\067\137\017}{chapter.5}% 57
\BOOKMARK [0][-]{chapter.6}{\376\377\162\110\147\103\117\341\140\157\116\016\146\364\145\260\213\260\137\125}{}% 58
\BOOKMARK [1][-]{section.6.1}{\376\377\162\110\147\103\117\341\140\157}{chapter.6}% 59
\BOOKMARK [0][-]{section*.20}{\376\377\201\364\000\040\000\040\000\040\000\040\000\040\214\042}{}% 60
\BOOKMARK [0][-]{section*.22}{\376\377\123\302\200\003\145\207\163\056}{}% 61
\BOOKMARK [0][-]{appendix.A}{\376\377\153\047\121\340\221\314\137\227\173\054\116\214\133\232\164\006\166\204\213\301\146\016}{}% 62
\BOOKMARK [0][-]{appendix.B}{\376\377\0002\146\057\145\340\164\006\145\160\166\204\213\301\146\016}{}% 63
\BOOKMARK [0][-]{section*.24}{\376\377\117\134\200\005\173\200\116\313}{}% 64
